14:38:39.771 [main] INFO  com.intuit.karate - karate.env system property was:  
14:38:40.174 [main] DEBUG com.intuit.karate - request:
1 > GET https://jsonplaceholder.typicode.com/users
1 > Accept-Encoding: gzip,deflate
1 > Connection: Keep-Alive
1 > Host: jsonplaceholder.typicode.com
1 > User-Agent: Apache-HttpClient/4.5.11 (Java/11.0.2)

14:38:40.523 [main] DEBUG com.intuit.karate - response time in milliseconds: 345.84
1 < 200
1 < Access-Control-Allow-Credentials: true
1 < Age: 5431
1 < CF-Cache-Status: HIT
1 < CF-RAY: 56ab7445ea82f79e-EZE
1 < Cache-Control: max-age=14400
1 < Connection: keep-alive
1 < Content-Type: application/json; charset=utf-8
1 < Date: Tue, 25 Feb 2020 17:38:39 GMT
1 < Etag: W/"160d-1eMSsxeJRfnVLRBmYJSbCiJZ1qQ"
1 < Expect-CT: max-age=604800, report-uri="https://report-uri.cloudflare.com/cdn-cgi/beacon/expect-ct"
1 < Expires: -1
1 < Pragma: no-cache
1 < Server: cloudflare
1 < Set-Cookie: __cfduid=d9d74841e66e61549acd4d8c4d28096cd1582652319; expires=Thu, 26-Mar-20 17:38:39 GMT; path=/; domain=.typicode.com; HttpOnly; SameSite=Lax
1 < Transfer-Encoding: chunked
1 < Vary: Origin, Accept-Encoding
1 < Via: 1.1 vegur
1 < X-Content-Type-Options: nosniff
1 < X-Powered-By: Express
[
  {
    "id": 1,
    "name": "Leanne Graham",
    "username": "Bret",
    "email": "Sincere@april.biz",
    "address": {
      "street": "Kulas Light",
      "suite": "Apt. 556",
      "city": "Gwenborough",
      "zipcode": "92998-3874",
      "geo": {
        "lat": "-37.3159",
        "lng": "81.1496"
      }
    },
    "phone": "1-770-736-8031 x56442",
    "website": "hildegard.org",
    "company": {
      "name": "Romaguera-Crona",
      "catchPhrase": "Multi-layered client-server neural-net",
      "bs": "harness real-time e-markets"
    }
  },
  {
    "id": 2,
    "name": "Ervin Howell",
    "username": "Antonette",
    "email": "Shanna@melissa.tv",
    "address": {
      "street": "Victor Plains",
      "suite": "Suite 879",
      "city": "Wisokyburgh",
      "zipcode": "90566-7771",
      "geo": {
        "lat": "-43.9509",
        "lng": "-34.4618"
      }
    },
    "phone": "010-692-6593 x09125",
    "website": "anastasia.net",
    "company": {
      "name": "Deckow-Crist",
      "catchPhrase": "Proactive didactic contingency",
      "bs": "synergize scalable supply-chains"
    }
  },
  {
    "id": 3,
    "name": "Clementine Bauch",
    "username": "Samantha",
    "email": "Nathan@yesenia.net",
    "address": {
      "street": "Douglas Extension",
      "suite": "Suite 847",
      "city": "McKenziehaven",
      "zipcode": "59590-4157",
      "geo": {
        "lat": "-68.6102",
        "lng": "-47.0653"
      }
    },
    "phone": "1-463-123-4447",
    "website": "ramiro.info",
    "company": {
      "name": "Romaguera-Jacobson",
      "catchPhrase": "Face to face bifurcated interface",
      "bs": "e-enable strategic applications"
    }
  },
  {
    "id": 4,
    "name": "Patricia Lebsack",
    "username": "Karianne",
    "email": "Julianne.OConner@kory.org",
    "address": {
      "street": "Hoeger Mall",
      "suite": "Apt. 692",
      "city": "South Elvis",
      "zipcode": "53919-4257",
      "geo": {
        "lat": "29.4572",
        "lng": "-164.2990"
      }
    },
    "phone": "493-170-9623 x156",
    "website": "kale.biz",
    "company": {
      "name": "Robel-Corkery",
      "catchPhrase": "Multi-tiered zero tolerance productivity",
      "bs": "transition cutting-edge web services"
    }
  },
  {
    "id": 5,
    "name": "Chelsey Dietrich",
    "username": "Kamren",
    "email": "Lucio_Hettinger@annie.ca",
    "address": {
      "street": "Skiles Walks",
      "suite": "Suite 351",
      "city": "Roscoeview",
      "zipcode": "33263",
      "geo": {
        "lat": "-31.8129",
        "lng": "62.5342"
      }
    },
    "phone": "(254)954-1289",
    "website": "demarco.info",
    "company": {
      "name": "Keebler LLC",
      "catchPhrase": "User-centric fault-tolerant solution",
      "bs": "revolutionize end-to-end systems"
    }
  },
  {
    "id": 6,
    "name": "Mrs. Dennis Schulist",
    "username": "Leopoldo_Corkery",
    "email": "Karley_Dach@jasper.info",
    "address": {
      "street": "Norberto Crossing",
      "suite": "Apt. 950",
      "city": "South Christy",
      "zipcode": "23505-1337",
      "geo": {
        "lat": "-71.4197",
        "lng": "71.7478"
      }
    },
    "phone": "1-477-935-8478 x6430",
    "website": "ola.org",
    "company": {
      "name": "Considine-Lockman",
      "catchPhrase": "Synchronised bottom-line interface",
      "bs": "e-enable innovative applications"
    }
  },
  {
    "id": 7,
    "name": "Kurtis Weissnat",
    "username": "Elwyn.Skiles",
    "email": "Telly.Hoeger@billy.biz",
    "address": {
      "street": "Rex Trail",
      "suite": "Suite 280",
      "city": "Howemouth",
      "zipcode": "58804-1099",
      "geo": {
        "lat": "24.8918",
        "lng": "21.8984"
      }
    },
    "phone": "210.067.6132",
    "website": "elvis.io",
    "company": {
      "name": "Johns Group",
      "catchPhrase": "Configurable multimedia task-force",
      "bs": "generate enterprise e-tailers"
    }
  },
  {
    "id": 8,
    "name": "Nicholas Runolfsdottir V",
    "username": "Maxime_Nienow",
    "email": "Sherwood@rosamond.me",
    "address": {
      "street": "Ellsworth Summit",
      "suite": "Suite 729",
      "city": "Aliyaview",
      "zipcode": "45169",
      "geo": {
        "lat": "-14.3990",
        "lng": "-120.7677"
      }
    },
    "phone": "586.493.6943 x140",
    "website": "jacynthe.com",
    "company": {
      "name": "Abernathy Group",
      "catchPhrase": "Implemented secondary concept",
      "bs": "e-enable extensible e-tailers"
    }
  },
  {
    "id": 9,
    "name": "Glenna Reichert",
    "username": "Delphine",
    "email": "Chaim_McDermott@dana.io",
    "address": {
      "street": "Dayna Park",
      "suite": "Suite 449",
      "city": "Bartholomebury",
      "zipcode": "76495-3109",
      "geo": {
        "lat": "24.6463",
        "lng": "-168.8889"
      }
    },
    "phone": "(775)976-6794 x41206",
    "website": "conrad.com",
    "company": {
      "name": "Yost and Sons",
      "catchPhrase": "Switchable contextually-based project",
      "bs": "aggregate real-time technologies"
    }
  },
  {
    "id": 10,
    "name": "Clementina DuBuque",
    "username": "Moriah.Stanton",
    "email": "Rey.Padberg@karina.biz",
    "address": {
      "street": "Kattie Turnpike",
      "suite": "Suite 198",
      "city": "Lebsackbury",
      "zipcode": "31428-2261",
      "geo": {
        "lat": "-38.2386",
        "lng": "57.2232"
      }
    },
    "phone": "024-648-3804",
    "website": "ambrose.net",
    "company": {
      "name": "Hoeger LLC",
      "catchPhrase": "Centralized empowering task-force",
      "bs": "target end-to-end models"
    }
  }
]

14:38:40.542 [main] DEBUG com.intuit.karate - request:
2 > GET https://jsonplaceholder.typicode.com/users/1
2 > Accept-Encoding: gzip,deflate
2 > Connection: Keep-Alive
2 > Cookie: __cfduid=d9d74841e66e61549acd4d8c4d28096cd1582652319
2 > Host: jsonplaceholder.typicode.com
2 > User-Agent: Apache-HttpClient/4.5.11 (Java/11.0.2)

14:38:40.698 [main] ERROR com.intuit.karate - javax.net.ssl.SSLPeerUnverifiedException: peer not authenticated, http call failed after 155 milliseconds for URL: https://jsonplaceholder.typicode.com/users/1
14:38:40.698 [main] ERROR com.intuit.karate - http request failed: 
javax.net.ssl.SSLPeerUnverifiedException: peer not authenticated
14:38:40.813 [main] INFO  com.intuit.karate - karate.env system property was:  
14:38:40.821 [main] DEBUG com.intuit.karate - request:
1 > POST https://jsonplaceholder.typicode.com/users
1 > Accept-Encoding: gzip,deflate
1 > Connection: Keep-Alive
1 > Content-Length: 160
1 > Content-Type: application/json; charset=UTF-8
1 > Host: jsonplaceholder.typicode.com
1 > User-Agent: Apache-HttpClient/4.5.11 (Java/11.0.2)
{"name":"Test User","username":"testuser","email":"test@user.com","address":{"street":"Has No Name","suite":"Apt. 123","city":"Electri","zipcode":"54321-6789"}}

14:39:02.359 [main] DEBUG com.intuit.karate - response time in milliseconds: 21537.90
1 < 201
1 < Access-Control-Allow-Credentials: true
1 < Access-Control-Expose-Headers: Location
1 < CF-Cache-Status: DYNAMIC
1 < CF-RAY: 56ab74497aebf7f2-EZE
1 < Cache-Control: no-cache
1 < Connection: keep-alive
1 < Content-Length: 216
1 < Content-Type: application/json; charset=utf-8
1 < Date: Tue, 25 Feb 2020 17:39:01 GMT
1 < Etag: W/"d8-pYV7+YuMGP2hxHPU9ARrf97ifDA"
1 < Expect-CT: max-age=604800, report-uri="https://report-uri.cloudflare.com/cdn-cgi/beacon/expect-ct"
1 < Expires: -1
1 < Location: http://jsonplaceholder.typicode.com/users/11
1 < Pragma: no-cache
1 < Server: cloudflare
1 < Set-Cookie: __cfduid=d4050e7ef842d98fddc479bd9c76abf361582652320; expires=Thu, 26-Mar-20 17:38:40 GMT; path=/; domain=.typicode.com; HttpOnly; SameSite=Lax
1 < Vary: Origin, X-HTTP-Method-Override, Accept-Encoding
1 < Via: 1.1 vegur
1 < X-Content-Type-Options: nosniff
1 < X-Powered-By: Express
{
  "name": "Test User",
  "username": "testuser",
  "email": "test@user.com",
  "address": {
    "street": "Has No Name",
    "suite": "Apt. 123",
    "city": "Electri",
    "zipcode": "54321-6789"
  },
  "id": 11
}

14:39:02.367 [main] INFO  com.intuit.karate - [print] created id is:  11
15:20:08.377 [main] INFO  com.intuit.karate - karate.env system property was:  
15:20:08.764 [main] DEBUG com.intuit.karate - request:
1 > GET https://api.nasa.gov/planetary/apod?api_key=waSCLMWEDEpIqclfyEBjYZMHZh3TzPsE2e26VZhf
1 > Accept-Encoding: gzip,deflate
1 > Connection: Keep-Alive
1 > Host: api.nasa.gov
1 > User-Agent: Apache-HttpClient/4.5.11 (Java/11.0.2)

15:20:09.765 [main] DEBUG com.intuit.karate - response time in milliseconds: 999.19
1 < 200
1 < Access-Control-Allow-Origin: *
1 < Age: 0
1 < Connection: keep-alive
1 < Content-Type: application/json
1 < Date: Tue, 25 Feb 2020 18:20:08 GMT
1 < Server: openresty
1 < Strict-Transport-Security: max-age=31536000; preload
1 < Transfer-Encoding: chunked
1 < Vary: Accept-Encoding
1 < Via: 1.1 vegur, http/1.1 api-umbrella (ApacheTrafficServer [cMsSf ])
1 < X-Cache: MISS
1 < X-RateLimit-Limit: 1000
1 < X-RateLimit-Remaining: 998
{"date":"2020-02-25","explanation":"How similar is Jupiter's magnetic field to Earth's? NASA's robotic Juno spacecraft has found that Jupiter's magnetic field is surprisingly complex, so that the Jovian world does not have single magnetic poles like our Earth.  A snapshot of Jupiter's magnetic field at one moment in time, as animated from Juno data, appears in the featured video. Red and blue colors depict cloud-top regions of strong positive (south) and negative (north) magnetic fields, respectively. Surrounding the planet are imagined magnetic field lines. The first sequence of the animated video starts off by showing what appears to be a relatively normal dipole field, but soon a magnetic region now known as the Great Blue Spot rotates into view, which is not directly aligned with Jupiter's rotation poles.  Further, in the second sequence, the illustrative animation takes us over one of Jupiter's spin poles where red magnetic hotspots are revealed to be extended and sometimes even annular.  A better understanding of Jupiter's magnetic field may give clues toward a better understanding of Earth's enigmatic planetary magnetism.","media_type":"video","service_version":"v1","title":"Jupiter's Magnetic Field from Juno","url":"https://www.youtube.com/embed/-N7nRh5v1Iw?rel=0"}


15:21:33.957 [main] INFO  com.intuit.karate.Runner - waiting for parallel features to complete ...
15:21:33.962 [pool-1-thread-1] INFO  com.intuit.karate - found scenario at line: 12 - ^get 401 error$
15:21:34.130 [ForkJoinPool-1-worker-3] INFO  com.intuit.karate - karate.env system property was:  
15:21:34.563 [ForkJoinPool-1-worker-3] DEBUG com.intuit.karate - request:
1 > GET https://api.nasa.gov/planetary/apod?api_key=waSCLMWEDEpIqclfyEBjYZMHZh3TzPsE2ef
1 > Accept-Encoding: gzip,deflate
1 > Connection: Keep-Alive
1 > Host: api.nasa.gov
1 > User-Agent: Apache-HttpClient/4.5.11 (Java/11.0.2)

15:21:35.323 [ForkJoinPool-1-worker-3] DEBUG com.intuit.karate - response time in milliseconds: 756.67
1 < 403
1 < Access-Control-Allow-Origin: *
1 < Connection: keep-alive
1 < Content-Type: application/json
1 < Date: Tue, 25 Feb 2020 18:21:34 GMT
1 < Server: openresty
1 < Strict-Transport-Security: max-age=31536000; preload
1 < Transfer-Encoding: chunked
1 < Vary: Accept-Encoding
1 < X-Cache: MISS
{
  "error": {
    "code": "API_KEY_INVALID",
    "message": "An invalid api_key was supplied. Get one at https://api.nasa.gov:443"
  }
}

15:21:35.326 [ForkJoinPool-1-worker-3] ERROR com.intuit.karate - status code was: 403, expected: 401, response time: 757, url: https://api.nasa.gov/planetary/apod?api_key=waSCLMWEDEpIqclfyEBjYZMHZh3TzPsE2ef, response: {"error":{"code":"API_KEY_INVALID","message":"An invalid api_key was supplied. Get one at https://api.nasa.gov:443"}}
15:21:35.408 [pool-1-thread-1] INFO  com.intuit.karate.Runner - <<fail>> feature 1 of 1: src/test/java/examples/nasaFreeApi/nasaTest.feature
15:22:20.667 [main] INFO  com.intuit.karate.Runner - waiting for parallel features to complete ...
15:22:20.828 [ForkJoinPool-1-worker-3] INFO  com.intuit.karate - karate.env system property was:  
15:22:21.255 [ForkJoinPool-1-worker-3] DEBUG com.intuit.karate - request:
1 > GET https://api.nasa.gov/planetary/apod?api_key=waSCLMWEDEpIqclfyEBjYZMHZh3TzPsE2e26VZhf
1 > Accept-Encoding: gzip,deflate
1 > Connection: Keep-Alive
1 > Host: api.nasa.gov
1 > User-Agent: Apache-HttpClient/4.5.11 (Java/11.0.2)

15:22:22.137 [ForkJoinPool-1-worker-3] DEBUG com.intuit.karate - response time in milliseconds: 878.73
1 < 200
1 < Access-Control-Allow-Origin: *
1 < Age: 0
1 < Connection: keep-alive
1 < Content-Type: application/json
1 < Date: Tue, 25 Feb 2020 18:22:21 GMT
1 < Server: openresty
1 < Strict-Transport-Security: max-age=31536000; preload
1 < Transfer-Encoding: chunked
1 < Vary: Accept-Encoding
1 < Via: 1.1 vegur, http/1.1 api-umbrella (ApacheTrafficServer [cMsSf ])
1 < X-Cache: MISS
1 < X-RateLimit-Limit: 1000
1 < X-RateLimit-Remaining: 997
{"date":"2020-02-25","explanation":"How similar is Jupiter's magnetic field to Earth's? NASA's robotic Juno spacecraft has found that Jupiter's magnetic field is surprisingly complex, so that the Jovian world does not have single magnetic poles like our Earth.  A snapshot of Jupiter's magnetic field at one moment in time, as animated from Juno data, appears in the featured video. Red and blue colors depict cloud-top regions of strong positive (south) and negative (north) magnetic fields, respectively. Surrounding the planet are imagined magnetic field lines. The first sequence of the animated video starts off by showing what appears to be a relatively normal dipole field, but soon a magnetic region now known as the Great Blue Spot rotates into view, which is not directly aligned with Jupiter's rotation poles.  Further, in the second sequence, the illustrative animation takes us over one of Jupiter's spin poles where red magnetic hotspots are revealed to be extended and sometimes even annular.  A better understanding of Jupiter's magnetic field may give clues toward a better understanding of Earth's enigmatic planetary magnetism.","media_type":"video","service_version":"v1","title":"Jupiter's Magnetic Field from Juno","url":"https://www.youtube.com/embed/-N7nRh5v1Iw?rel=0"}


15:22:22.146 [ForkJoinPool-1-worker-3] INFO  com.intuit.karate - karate.env system property was:  
15:22:22.149 [ForkJoinPool-1-worker-3] DEBUG com.intuit.karate - request:
1 > GET https://api.nasa.gov/planetary/apod?api_key=waSCLMWEDEpIqclfyEBjYZMHZh3TzPsE2ef
1 > Accept-Encoding: gzip,deflate
1 > Connection: Keep-Alive
1 > Host: api.nasa.gov
1 > User-Agent: Apache-HttpClient/4.5.11 (Java/11.0.2)

15:22:22.885 [ForkJoinPool-1-worker-3] DEBUG com.intuit.karate - response time in milliseconds: 734.79
1 < 403
1 < Access-Control-Allow-Origin: *
1 < Connection: keep-alive
1 < Content-Type: application/json
1 < Date: Tue, 25 Feb 2020 18:22:21 GMT
1 < Server: openresty
1 < Strict-Transport-Security: max-age=31536000; preload
1 < Transfer-Encoding: chunked
1 < Vary: Accept-Encoding
1 < X-Cache: MISS
{
  "error": {
    "code": "API_KEY_INVALID",
    "message": "An invalid api_key was supplied. Get one at https://api.nasa.gov:443"
  }
}

15:22:22.965 [pool-1-thread-1] INFO  com.intuit.karate.Runner - <<pass>> feature 1 of 1: src/test/java/examples/nasaFreeApi/nasaTest.feature
12:29:18.994 [main] INFO  com.intuit.karate.Runner - waiting for parallel features to complete ...
12:29:19.170 [ForkJoinPool-1-worker-3] INFO  com.intuit.karate - karate.env system property was:  
12:29:19.621 [ForkJoinPool-1-worker-3] DEBUG com.intuit.karate - request:
1 > GET https://api.nasa.gov/planetary/apod?api_key=waSCLMWEDEpIqclfyEBjYZMHZh3TzPsE2e26VZhf
1 > Accept-Encoding: gzip,deflate
1 > Connection: Keep-Alive
1 > Host: api.nasa.gov
1 > User-Agent: Apache-HttpClient/4.5.11 (Java/11.0.2)

12:29:20.764 [ForkJoinPool-1-worker-3] DEBUG com.intuit.karate - response time in milliseconds: 1140.86
1 < 200
1 < Access-Control-Allow-Origin: *
1 < Age: 0
1 < Connection: keep-alive
1 < Content-Type: application/json
1 < Date: Wed, 26 Feb 2020 15:29:19 GMT
1 < Server: openresty
1 < Strict-Transport-Security: max-age=31536000; preload
1 < Transfer-Encoding: chunked
1 < Vary: Accept-Encoding
1 < Via: 1.1 vegur, http/1.1 api-umbrella (ApacheTrafficServer [cMsSf ])
1 < X-Cache: MISS
1 < X-RateLimit-Limit: 1000
1 < X-RateLimit-Remaining: 999
{"date":"2020-02-26","explanation":"This hot jupiter is doomed.  Hot jupiters are giant planets like Jupiter that orbit much closer to their parent stars than Mercury does to our Sun.  But some hot jupiters are more extreme than others.  NGTS-10b, illustrated generically, is the closest and fastest-orbiting giant planet yet discovered, circling its home star in only 18 hours.  NGTS-10b is a little larger than Jupiter, but it orbits less than two times the diameter of its parent star away from the star\u2019s surface.  When a planet orbits this close, it is expected to spiral inward, pulled down by tidal forces to be eventually ripped apart by the star\u2019s gravity.  NGTS-10b, discovered by researchers at the University of Warwick, is named after the ESO\u2019s Next Generation Transit Survey, which detected the imperiled planet when it passed in front of its star, blocking some of the light.  Although the violent demise of NGTS-10b will happen eventually, we don't yet know when.","hdurl":"https://apod.nasa.gov/apod/image/2002/HotJupiter_ESACarreau_2500.jpg","media_type":"image","service_version":"v1","title":"NGST-10b: Discovery of a Doomed Planet","url":"https://apod.nasa.gov/apod/image/2002/HotJupiter_ESACarreau_960.jpg"}


12:29:20.772 [ForkJoinPool-1-worker-3] INFO  com.intuit.karate - karate.env system property was:  
12:29:20.776 [ForkJoinPool-1-worker-3] DEBUG com.intuit.karate - request:
1 > GET https://api.nasa.gov/planetary/apod?api_key=waSCLMWEDEpIqclfyEBjYZMHZh3TzPsE2ef
1 > Accept-Encoding: gzip,deflate
1 > Connection: Keep-Alive
1 > Host: api.nasa.gov
1 > User-Agent: Apache-HttpClient/4.5.11 (Java/11.0.2)

12:29:21.375 [ForkJoinPool-1-worker-3] DEBUG com.intuit.karate - response time in milliseconds: 597.63
1 < 403
1 < Access-Control-Allow-Origin: *
1 < Connection: keep-alive
1 < Content-Type: application/json
1 < Date: Wed, 26 Feb 2020 15:29:20 GMT
1 < Server: openresty
1 < Strict-Transport-Security: max-age=31536000; preload
1 < Transfer-Encoding: chunked
1 < Vary: Accept-Encoding
1 < X-Cache: MISS
{
  "error": {
    "code": "API_KEY_INVALID",
    "message": "An invalid api_key was supplied. Get one at https://api.nasa.gov:443"
  }
}

12:29:21.456 [pool-1-thread-1] INFO  com.intuit.karate.Runner - <<pass>> feature 1 of 1: src/test/java/examples/nasaFreeApi/nasaTest.feature
12:29:47.414 [main] INFO  com.intuit.karate.Runner - waiting for parallel features to complete ...
12:29:47.584 [ForkJoinPool-1-worker-3] INFO  com.intuit.karate - karate.env system property was:  
12:29:48.031 [ForkJoinPool-1-worker-3] DEBUG com.intuit.karate - request:
1 > GET https://api.nasa.gov/planetary/apod?api_key=waSCLMWEDEpIqclfyEBjYZMHZh3TzPsE2e26VZhf
1 > Accept-Encoding: gzip,deflate
1 > Connection: Keep-Alive
1 > Host: api.nasa.gov
1 > User-Agent: Apache-HttpClient/4.5.11 (Java/11.0.2)

12:29:48.935 [ForkJoinPool-1-worker-3] DEBUG com.intuit.karate - response time in milliseconds: 901.37
1 < 200
1 < Access-Control-Allow-Origin: *
1 < Age: 0
1 < Connection: keep-alive
1 < Content-Type: application/json
1 < Date: Wed, 26 Feb 2020 15:29:47 GMT
1 < Server: openresty
1 < Strict-Transport-Security: max-age=31536000; preload
1 < Transfer-Encoding: chunked
1 < Vary: Accept-Encoding
1 < Via: 1.1 vegur, http/1.1 api-umbrella (ApacheTrafficServer [cMsSf ])
1 < X-Cache: MISS
1 < X-RateLimit-Limit: 1000
1 < X-RateLimit-Remaining: 998
{"date":"2020-02-26","explanation":"This hot jupiter is doomed.  Hot jupiters are giant planets like Jupiter that orbit much closer to their parent stars than Mercury does to our Sun.  But some hot jupiters are more extreme than others.  NGTS-10b, illustrated generically, is the closest and fastest-orbiting giant planet yet discovered, circling its home star in only 18 hours.  NGTS-10b is a little larger than Jupiter, but it orbits less than two times the diameter of its parent star away from the star\u2019s surface.  When a planet orbits this close, it is expected to spiral inward, pulled down by tidal forces to be eventually ripped apart by the star\u2019s gravity.  NGTS-10b, discovered by researchers at the University of Warwick, is named after the ESO\u2019s Next Generation Transit Survey, which detected the imperiled planet when it passed in front of its star, blocking some of the light.  Although the violent demise of NGTS-10b will happen eventually, we don't yet know when.","hdurl":"https://apod.nasa.gov/apod/image/2002/HotJupiter_ESACarreau_2500.jpg","media_type":"image","service_version":"v1","title":"NGST-10b: Discovery of a Doomed Planet","url":"https://apod.nasa.gov/apod/image/2002/HotJupiter_ESACarreau_960.jpg"}


12:29:48.944 [ForkJoinPool-1-worker-3] INFO  com.intuit.karate - karate.env system property was:  
12:29:48.948 [ForkJoinPool-1-worker-3] DEBUG com.intuit.karate - request:
1 > GET https://api.nasa.gov/planetary/apod?api_key=waSCLMWEDEpIqclfyEBjYZMHZh3TzPsE2ef
1 > Accept-Encoding: gzip,deflate
1 > Connection: Keep-Alive
1 > Host: api.nasa.gov
1 > User-Agent: Apache-HttpClient/4.5.11 (Java/11.0.2)

12:29:49.536 [ForkJoinPool-1-worker-3] DEBUG com.intuit.karate - response time in milliseconds: 588.07
1 < 403
1 < Access-Control-Allow-Origin: *
1 < Connection: keep-alive
1 < Content-Type: application/json
1 < Date: Wed, 26 Feb 2020 15:29:48 GMT
1 < Server: openresty
1 < Strict-Transport-Security: max-age=31536000; preload
1 < Transfer-Encoding: chunked
1 < Vary: Accept-Encoding
1 < X-Cache: MISS
{
  "error": {
    "code": "API_KEY_INVALID",
    "message": "An invalid api_key was supplied. Get one at https://api.nasa.gov:443"
  }
}

12:29:49.537 [ForkJoinPool-1-worker-3] ERROR com.intuit.karate - status code was: 403, expected: 401, response time: 588, url: https://api.nasa.gov/planetary/apod?api_key=waSCLMWEDEpIqclfyEBjYZMHZh3TzPsE2ef, response: {"error":{"code":"API_KEY_INVALID","message":"An invalid api_key was supplied. Get one at https://api.nasa.gov:443"}}
12:29:49.617 [pool-1-thread-1] INFO  com.intuit.karate.Runner - <<fail>> feature 1 of 1: src/test/java/examples/nasaFreeApi/nasaTest.feature
12:30:09.644 [main] INFO  com.intuit.karate.Runner - waiting for parallel features to complete ...
12:30:09.791 [ForkJoinPool-1-worker-3] INFO  com.intuit.karate - karate.env system property was:  
12:30:10.229 [ForkJoinPool-1-worker-3] DEBUG com.intuit.karate - request:
1 > GET https://api.nasa.gov/planetary/apod?api_key=waSCLMWEDEpIqclfyEBjYZMHZh3TzPsE2e26VZhf
1 > Accept-Encoding: gzip,deflate
1 > Connection: Keep-Alive
1 > Host: api.nasa.gov
1 > User-Agent: Apache-HttpClient/4.5.11 (Java/11.0.2)

12:30:11.014 [ForkJoinPool-1-worker-3] DEBUG com.intuit.karate - response time in milliseconds: 782.10
1 < 200
1 < Access-Control-Allow-Origin: *
1 < Age: 0
1 < Connection: keep-alive
1 < Content-Type: application/json
1 < Date: Wed, 26 Feb 2020 15:30:09 GMT
1 < Server: openresty
1 < Strict-Transport-Security: max-age=31536000; preload
1 < Transfer-Encoding: chunked
1 < Vary: Accept-Encoding
1 < Via: 1.1 vegur, http/1.1 api-umbrella (ApacheTrafficServer [cMsSf ])
1 < X-Cache: MISS
1 < X-RateLimit-Limit: 1000
1 < X-RateLimit-Remaining: 997
{"date":"2020-02-26","explanation":"This hot jupiter is doomed.  Hot jupiters are giant planets like Jupiter that orbit much closer to their parent stars than Mercury does to our Sun.  But some hot jupiters are more extreme than others.  NGTS-10b, illustrated generically, is the closest and fastest-orbiting giant planet yet discovered, circling its home star in only 18 hours.  NGTS-10b is a little larger than Jupiter, but it orbits less than two times the diameter of its parent star away from the star\u2019s surface.  When a planet orbits this close, it is expected to spiral inward, pulled down by tidal forces to be eventually ripped apart by the star\u2019s gravity.  NGTS-10b, discovered by researchers at the University of Warwick, is named after the ESO\u2019s Next Generation Transit Survey, which detected the imperiled planet when it passed in front of its star, blocking some of the light.  Although the violent demise of NGTS-10b will happen eventually, we don't yet know when.","hdurl":"https://apod.nasa.gov/apod/image/2002/HotJupiter_ESACarreau_2500.jpg","media_type":"image","service_version":"v1","title":"NGST-10b: Discovery of a Doomed Planet","url":"https://apod.nasa.gov/apod/image/2002/HotJupiter_ESACarreau_960.jpg"}


12:30:11.022 [ForkJoinPool-1-worker-3] INFO  com.intuit.karate - karate.env system property was:  
12:30:11.026 [ForkJoinPool-1-worker-3] DEBUG com.intuit.karate - request:
1 > GET https://api.nasa.gov/planetary/apod?api_key=waSCLMWEDEpIqclfyEBjYZMHZh3TzPsE2ef
1 > Accept-Encoding: gzip,deflate
1 > Connection: Keep-Alive
1 > Host: api.nasa.gov
1 > User-Agent: Apache-HttpClient/4.5.11 (Java/11.0.2)

12:30:11.613 [ForkJoinPool-1-worker-3] DEBUG com.intuit.karate - response time in milliseconds: 585.36
1 < 403
1 < Access-Control-Allow-Origin: *
1 < Connection: keep-alive
1 < Content-Type: application/json
1 < Date: Wed, 26 Feb 2020 15:30:10 GMT
1 < Server: openresty
1 < Strict-Transport-Security: max-age=31536000; preload
1 < Transfer-Encoding: chunked
1 < Vary: Accept-Encoding
1 < X-Cache: MISS
{
  "error": {
    "code": "API_KEY_INVALID",
    "message": "An invalid api_key was supplied. Get one at https://api.nasa.gov:443"
  }
}

12:30:11.697 [pool-1-thread-1] INFO  com.intuit.karate.Runner - <<pass>> feature 1 of 1: src/test/java/examples/nasaFreeApi/nasaTest.feature
18:09:37.907 [main] INFO  com.intuit.karate.Runner - waiting for parallel features to complete ...
18:09:37.912 [pool-1-thread-1] INFO  com.intuit.karate - found scenario at line: 16 - ^verify json date field$
18:09:38.131 [ForkJoinPool-1-worker-3] INFO  com.intuit.karate - karate.env system property was:  
18:09:38.654 [ForkJoinPool-1-worker-3] DEBUG com.intuit.karate - request:
1 > GET https://api.nasa.gov/planetary/apod?api_key=waSCLMWEDEpIqclfyEBjYZMHZh3TzPsE2e26VZhf
1 > Accept-Encoding: gzip,deflate
1 > Connection: Keep-Alive
1 > Host: api.nasa.gov
1 > User-Agent: Apache-HttpClient/4.5.11 (Java/11.0.2)

18:09:39.796 [ForkJoinPool-1-worker-3] DEBUG com.intuit.karate - response time in milliseconds: 1140.29
1 < 200
1 < Access-Control-Allow-Origin: *
1 < Age: 0
1 < Connection: keep-alive
1 < Content-Type: application/json
1 < Date: Wed, 26 Feb 2020 21:09:39 GMT
1 < Server: openresty
1 < Strict-Transport-Security: max-age=31536000; preload
1 < Transfer-Encoding: chunked
1 < Vary: Accept-Encoding
1 < Via: 1.1 vegur, http/1.1 api-umbrella (ApacheTrafficServer [cMsSf ])
1 < X-Cache: MISS
1 < X-RateLimit-Limit: 1000
1 < X-RateLimit-Remaining: 998
{"date":"2020-02-26","explanation":"This hot jupiter is doomed.  Hot jupiters are giant planets like Jupiter that orbit much closer to their parent stars than Mercury does to our Sun.  But some hot jupiters are more extreme than others.  NGTS-10b, illustrated generically, is the closest and fastest-orbiting giant planet yet discovered, circling its home star in only 18 hours.  NGTS-10b is a little larger than Jupiter, but it orbits less than two times the diameter of its parent star away from the star\u2019s surface.  When a planet orbits this close, it is expected to spiral inward, pulled down by tidal forces to be eventually ripped apart by the star\u2019s gravity.  NGTS-10b, discovered by researchers at the University of Warwick, is named after the Next Generation Transit Survey, which detected the imperiled planet when it passed in front of its star, blocking some of the light.  Although the violent demise of NGTS-10b will happen eventually, we don't yet know when.","hdurl":"https://apod.nasa.gov/apod/image/2002/HotJupiter_ESACarreau_2500.jpg","media_type":"image","service_version":"v1","title":"NGTS-10b: Discovery of a Doomed Planet","url":"https://apod.nasa.gov/apod/image/2002/HotJupiter_ESACarreau_960.jpg"}


18:09:39.835 [ForkJoinPool-1-worker-3] ERROR com.intuit.karate - assertion failed: path: $.date, actual: '2020-02-26', expected: '2020/02/26', reason: not equal
18:09:39.934 [pool-1-thread-1] INFO  com.intuit.karate.Runner - <<fail>> feature 1 of 1: src/test/java/examples/nasaFreeApi/nasaTest.feature
18:10:01.698 [main] INFO  com.intuit.karate.Runner - waiting for parallel features to complete ...
18:10:01.702 [pool-1-thread-1] INFO  com.intuit.karate - found scenario at line: 16 - ^verify json date field$
18:10:01.864 [ForkJoinPool-1-worker-3] INFO  com.intuit.karate - karate.env system property was:  
18:10:02.310 [ForkJoinPool-1-worker-3] DEBUG com.intuit.karate - request:
1 > GET https://api.nasa.gov/planetary/apod?api_key=waSCLMWEDEpIqclfyEBjYZMHZh3TzPsE2e26VZhf
1 > Accept-Encoding: gzip,deflate
1 > Connection: Keep-Alive
1 > Host: api.nasa.gov
1 > User-Agent: Apache-HttpClient/4.5.11 (Java/11.0.2)

18:10:04.350 [ForkJoinPool-1-worker-3] DEBUG com.intuit.karate - response time in milliseconds: 2037.41
1 < 200
1 < Access-Control-Allow-Origin: *
1 < Age: 2
1 < Connection: keep-alive
1 < Content-Type: application/json
1 < Date: Wed, 26 Feb 2020 21:10:04 GMT
1 < Server: openresty
1 < Strict-Transport-Security: max-age=31536000; preload
1 < Transfer-Encoding: chunked
1 < Vary: Accept-Encoding
1 < Via: 1.1 vegur, http/1.1 api-umbrella (ApacheTrafficServer [cMsSf ])
1 < X-Cache: MISS
1 < X-RateLimit-Limit: 1000
1 < X-RateLimit-Remaining: 997
{"date":"2020-02-26","explanation":"This hot jupiter is doomed.  Hot jupiters are giant planets like Jupiter that orbit much closer to their parent stars than Mercury does to our Sun.  But some hot jupiters are more extreme than others.  NGTS-10b, illustrated generically, is the closest and fastest-orbiting giant planet yet discovered, circling its home star in only 18 hours.  NGTS-10b is a little larger than Jupiter, but it orbits less than two times the diameter of its parent star away from the star\u2019s surface.  When a planet orbits this close, it is expected to spiral inward, pulled down by tidal forces to be eventually ripped apart by the star\u2019s gravity.  NGTS-10b, discovered by researchers at the University of Warwick, is named after the Next Generation Transit Survey, which detected the imperiled planet when it passed in front of its star, blocking some of the light.  Although the violent demise of NGTS-10b will happen eventually, we don't yet know when.","hdurl":"https://apod.nasa.gov/apod/image/2002/HotJupiter_ESACarreau_2500.jpg","media_type":"image","service_version":"v1","title":"NGTS-10b: Discovery of a Doomed Planet","url":"https://apod.nasa.gov/apod/image/2002/HotJupiter_ESACarreau_960.jpg"}


18:10:04.465 [pool-1-thread-1] INFO  com.intuit.karate.Runner - <<pass>> feature 1 of 1: src/test/java/examples/nasaFreeApi/nasaTest.feature
